2021-12-23 09:22:56,351:DEBUG:Starting new HTTPS connection (1): collectionapi.metmuseum.org:443
2021-12-23 09:22:58,636:DEBUG:https://collectionapi.metmuseum.org:443 "GET /public/collection/v1/objects HTTP/1.1" 200 None
2021-12-23 09:23:11,368:DEBUG:Starting new HTTPS connection (1): collectionapi.metmuseum.org:443
2021-12-23 09:23:11,864:DEBUG:https://collectionapi.metmuseum.org:443 "GET /public/collection/v1/objects/1 HTTP/1.1" 200 None
2021-12-23 09:23:11,869:DEBUG:Starting new HTTPS connection (1): collectionapi.metmuseum.org:443
2021-12-23 09:23:12,310:DEBUG:https://collectionapi.metmuseum.org:443 "GET /public/collection/v1/objects/2 HTTP/1.1" 200 None
2021-12-23 09:23:12,316:DEBUG:Starting new HTTPS connection (1): collectionapi.metmuseum.org:443
2021-12-23 09:23:12,774:DEBUG:https://collectionapi.metmuseum.org:443 "GET /public/collection/v1/objects/3 HTTP/1.1" 200 None
2021-12-23 09:23:12,780:DEBUG:Starting new HTTPS connection (1): collectionapi.metmuseum.org:443
2021-12-23 09:23:13,242:DEBUG:https://collectionapi.metmuseum.org:443 "GET /public/collection/v1/objects/4 HTTP/1.1" 200 None
2021-12-23 09:23:13,249:DEBUG:Starting new HTTPS connection (1): collectionapi.metmuseum.org:443
2021-12-23 09:23:14,168:DEBUG:https://collectionapi.metmuseum.org:443 "GET /public/collection/v1/objects/5 HTTP/1.1" 200 None
2021-12-23 09:23:14,172:DEBUG:Starting new HTTPS connection (1): collectionapi.metmuseum.org:443
2021-12-23 09:23:14,606:DEBUG:https://collectionapi.metmuseum.org:443 "GET /public/collection/v1/objects/6 HTTP/1.1" 200 None
2021-12-23 09:23:14,611:DEBUG:Starting new HTTPS connection (1): collectionapi.metmuseum.org:443
2021-12-23 09:23:15,048:DEBUG:https://collectionapi.metmuseum.org:443 "GET /public/collection/v1/objects/7 HTTP/1.1" 200 None
2021-12-23 09:23:15,052:DEBUG:Starting new HTTPS connection (1): collectionapi.metmuseum.org:443
2021-12-23 09:23:15,495:DEBUG:https://collectionapi.metmuseum.org:443 "GET /public/collection/v1/objects/8 HTTP/1.1" 200 None
2021-12-23 09:23:15,502:DEBUG:Starting new HTTPS connection (1): collectionapi.metmuseum.org:443
2021-12-23 09:23:15,951:DEBUG:https://collectionapi.metmuseum.org:443 "GET /public/collection/v1/objects/9 HTTP/1.1" 200 None
2021-12-23 09:23:15,956:DEBUG:Starting new HTTPS connection (1): collectionapi.metmuseum.org:443
2021-12-23 09:23:16,394:DEBUG:https://collectionapi.metmuseum.org:443 "GET /public/collection/v1/objects/10 HTTP/1.1" 200 None
2021-12-23 09:23:16,399:DEBUG:Starting new HTTPS connection (1): collectionapi.metmuseum.org:443
2021-12-23 09:23:16,845:DEBUG:https://collectionapi.metmuseum.org:443 "GET /public/collection/v1/objects/11 HTTP/1.1" 200 None
2021-12-23 09:23:16,849:DEBUG:Starting new HTTPS connection (1): collectionapi.metmuseum.org:443
2021-12-23 09:23:17,280:DEBUG:https://collectionapi.metmuseum.org:443 "GET /public/collection/v1/objects/12 HTTP/1.1" 200 None
2021-12-23 09:23:17,284:DEBUG:Starting new HTTPS connection (1): collectionapi.metmuseum.org:443
2021-12-23 09:23:17,725:DEBUG:https://collectionapi.metmuseum.org:443 "GET /public/collection/v1/objects/13 HTTP/1.1" 200 None
2021-12-23 09:23:17,732:DEBUG:Starting new HTTPS connection (1): collectionapi.metmuseum.org:443
2021-12-23 09:23:18,174:DEBUG:https://collectionapi.metmuseum.org:443 "GET /public/collection/v1/objects/14 HTTP/1.1" 200 None
2021-12-23 09:23:18,180:DEBUG:Starting new HTTPS connection (1): collectionapi.metmuseum.org:443
2021-12-23 09:23:18,630:DEBUG:https://collectionapi.metmuseum.org:443 "GET /public/collection/v1/objects/15 HTTP/1.1" 200 None
2021-12-23 09:23:18,633:DEBUG:Starting new HTTPS connection (1): collectionapi.metmuseum.org:443
2021-12-23 09:23:19,074:DEBUG:https://collectionapi.metmuseum.org:443 "GET /public/collection/v1/objects/16 HTTP/1.1" 200 None
2021-12-23 09:23:19,077:DEBUG:Starting new HTTPS connection (1): collectionapi.metmuseum.org:443
2021-12-23 09:23:19,519:DEBUG:https://collectionapi.metmuseum.org:443 "GET /public/collection/v1/objects/17 HTTP/1.1" 200 None
2021-12-23 09:23:19,522:DEBUG:Starting new HTTPS connection (1): collectionapi.metmuseum.org:443
2021-12-23 09:23:19,962:DEBUG:https://collectionapi.metmuseum.org:443 "GET /public/collection/v1/objects/18 HTTP/1.1" 200 None
2021-12-23 09:23:19,968:DEBUG:Starting new HTTPS connection (1): collectionapi.metmuseum.org:443
2021-12-23 09:23:20,405:DEBUG:https://collectionapi.metmuseum.org:443 "GET /public/collection/v1/objects/19 HTTP/1.1" 200 None
2021-12-23 09:23:20,409:DEBUG:Starting new HTTPS connection (1): collectionapi.metmuseum.org:443
2021-12-23 09:23:20,858:DEBUG:https://collectionapi.metmuseum.org:443 "GET /public/collection/v1/objects/20 HTTP/1.1" 200 None
2021-12-23 09:23:20,862:DEBUG:Starting new HTTPS connection (1): collectionapi.metmuseum.org:443
2021-12-23 09:23:21,316:DEBUG:https://collectionapi.metmuseum.org:443 "GET /public/collection/v1/objects/21 HTTP/1.1" 200 None
2021-12-23 09:23:21,319:DEBUG:Starting new HTTPS connection (1): collectionapi.metmuseum.org:443
2021-12-23 09:23:21,760:DEBUG:https://collectionapi.metmuseum.org:443 "GET /public/collection/v1/objects/22 HTTP/1.1" 200 None
2021-12-23 09:23:21,767:DEBUG:Starting new HTTPS connection (1): collectionapi.metmuseum.org:443
2021-12-23 09:23:22,230:DEBUG:https://collectionapi.metmuseum.org:443 "GET /public/collection/v1/objects/23 HTTP/1.1" 200 None
2021-12-23 09:23:22,235:DEBUG:Starting new HTTPS connection (1): collectionapi.metmuseum.org:443
2021-12-23 09:23:22,695:DEBUG:https://collectionapi.metmuseum.org:443 "GET /public/collection/v1/objects/24 HTTP/1.1" 200 None
2021-12-23 09:23:22,703:DEBUG:Starting new HTTPS connection (1): collectionapi.metmuseum.org:443
2021-12-23 09:23:23,165:DEBUG:https://collectionapi.metmuseum.org:443 "GET /public/collection/v1/objects/25 HTTP/1.1" 200 None
2021-12-23 09:23:23,171:DEBUG:Starting new HTTPS connection (1): collectionapi.metmuseum.org:443
2021-12-23 09:23:23,623:DEBUG:https://collectionapi.metmuseum.org:443 "GET /public/collection/v1/objects/26 HTTP/1.1" 200 None
2021-12-23 09:23:23,633:DEBUG:Starting new HTTPS connection (1): collectionapi.metmuseum.org:443
2021-12-23 09:23:24,081:DEBUG:https://collectionapi.metmuseum.org:443 "GET /public/collection/v1/objects/27 HTTP/1.1" 200 None
2021-12-23 09:23:24,090:DEBUG:Starting new HTTPS connection (1): collectionapi.metmuseum.org:443
2021-12-23 09:23:24,533:DEBUG:https://collectionapi.metmuseum.org:443 "GET /public/collection/v1/objects/28 HTTP/1.1" 200 None
2021-12-23 09:23:24,538:DEBUG:Starting new HTTPS connection (1): collectionapi.metmuseum.org:443
2021-12-23 09:23:25,099:DEBUG:https://collectionapi.metmuseum.org:443 "GET /public/collection/v1/objects/29 HTTP/1.1" 200 None
2021-12-23 09:23:25,102:DEBUG:Starting new HTTPS connection (1): collectionapi.metmuseum.org:443
2021-12-23 09:23:25,549:DEBUG:https://collectionapi.metmuseum.org:443 "GET /public/collection/v1/objects/30 HTTP/1.1" 200 None
2021-12-23 09:23:25,555:DEBUG:Starting new HTTPS connection (1): collectionapi.metmuseum.org:443
2021-12-23 09:23:26,011:DEBUG:https://collectionapi.metmuseum.org:443 "GET /public/collection/v1/objects/31 HTTP/1.1" 200 None
2021-12-23 09:23:26,017:DEBUG:Starting new HTTPS connection (1): collectionapi.metmuseum.org:443
2021-12-23 09:23:27,017:DEBUG:https://collectionapi.metmuseum.org:443 "GET /public/collection/v1/objects/32 HTTP/1.1" 200 None
2021-12-23 09:23:27,026:DEBUG:Starting new HTTPS connection (1): collectionapi.metmuseum.org:443
2021-12-23 09:23:27,548:DEBUG:https://collectionapi.metmuseum.org:443 "GET /public/collection/v1/objects/33 HTTP/1.1" 200 None
2021-12-23 09:23:27,554:DEBUG:Starting new HTTPS connection (1): collectionapi.metmuseum.org:443
2021-12-23 09:23:27,995:DEBUG:https://collectionapi.metmuseum.org:443 "GET /public/collection/v1/objects/34 HTTP/1.1" 200 None
2021-12-23 09:23:28,003:DEBUG:Starting new HTTPS connection (1): collectionapi.metmuseum.org:443
2021-12-23 09:23:28,487:DEBUG:https://collectionapi.metmuseum.org:443 "GET /public/collection/v1/objects/35 HTTP/1.1" 200 None
2021-12-23 09:23:28,493:DEBUG:Starting new HTTPS connection (1): collectionapi.metmuseum.org:443
2021-12-23 09:23:28,962:DEBUG:https://collectionapi.metmuseum.org:443 "GET /public/collection/v1/objects/36 HTTP/1.1" 200 None
2021-12-23 09:23:28,971:DEBUG:Starting new HTTPS connection (1): collectionapi.metmuseum.org:443
2021-12-23 09:23:29,398:DEBUG:https://collectionapi.metmuseum.org:443 "GET /public/collection/v1/objects/37 HTTP/1.1" 200 None
2021-12-23 09:23:29,401:DEBUG:Starting new HTTPS connection (1): collectionapi.metmuseum.org:443
2021-12-23 09:23:29,848:DEBUG:https://collectionapi.metmuseum.org:443 "GET /public/collection/v1/objects/38 HTTP/1.1" 200 None
2021-12-23 09:23:29,853:DEBUG:Starting new HTTPS connection (1): collectionapi.metmuseum.org:443
2021-12-23 09:23:30,298:DEBUG:https://collectionapi.metmuseum.org:443 "GET /public/collection/v1/objects/39 HTTP/1.1" 200 None
2021-12-23 09:23:30,306:DEBUG:Starting new HTTPS connection (1): collectionapi.metmuseum.org:443
2021-12-23 09:23:30,747:DEBUG:https://collectionapi.metmuseum.org:443 "GET /public/collection/v1/objects/40 HTTP/1.1" 200 None
2021-12-23 09:23:30,756:DEBUG:Starting new HTTPS connection (1): collectionapi.metmuseum.org:443
2021-12-23 09:23:31,228:DEBUG:https://collectionapi.metmuseum.org:443 "GET /public/collection/v1/objects/41 HTTP/1.1" 200 None
2021-12-23 09:23:31,234:DEBUG:Starting new HTTPS connection (1): collectionapi.metmuseum.org:443
2021-12-23 09:23:31,698:DEBUG:https://collectionapi.metmuseum.org:443 "GET /public/collection/v1/objects/42 HTTP/1.1" 200 None
2021-12-23 09:23:31,705:DEBUG:Starting new HTTPS connection (1): collectionapi.metmuseum.org:443
2021-12-23 09:23:32,166:DEBUG:https://collectionapi.metmuseum.org:443 "GET /public/collection/v1/objects/43 HTTP/1.1" 200 None
2021-12-23 09:23:32,175:DEBUG:Starting new HTTPS connection (1): collectionapi.metmuseum.org:443
2021-12-23 09:23:32,611:DEBUG:https://collectionapi.metmuseum.org:443 "GET /public/collection/v1/objects/44 HTTP/1.1" 200 None
2021-12-23 09:23:32,619:DEBUG:Starting new HTTPS connection (1): collectionapi.metmuseum.org:443
2021-12-23 09:23:33,408:DEBUG:https://collectionapi.metmuseum.org:443 "GET /public/collection/v1/objects/45 HTTP/1.1" 200 None
2021-12-23 09:23:33,412:DEBUG:Starting new HTTPS connection (1): collectionapi.metmuseum.org:443
2021-12-23 09:23:33,861:DEBUG:https://collectionapi.metmuseum.org:443 "GET /public/collection/v1/objects/46 HTTP/1.1" 200 None
2021-12-23 09:23:33,866:DEBUG:Starting new HTTPS connection (1): collectionapi.metmuseum.org:443
2021-12-23 09:23:34,372:DEBUG:https://collectionapi.metmuseum.org:443 "GET /public/collection/v1/objects/47 HTTP/1.1" 200 None
2021-12-23 09:23:34,378:DEBUG:Starting new HTTPS connection (1): collectionapi.metmuseum.org:443
2021-12-23 09:23:34,839:DEBUG:https://collectionapi.metmuseum.org:443 "GET /public/collection/v1/objects/48 HTTP/1.1" 200 None
2021-12-23 09:23:34,846:DEBUG:Starting new HTTPS connection (1): collectionapi.metmuseum.org:443
2021-12-23 09:23:35,285:DEBUG:https://collectionapi.metmuseum.org:443 "GET /public/collection/v1/objects/49 HTTP/1.1" 200 None
2021-12-23 09:23:35,290:DEBUG:Starting new HTTPS connection (1): collectionapi.metmuseum.org:443
2021-12-23 09:23:35,726:DEBUG:https://collectionapi.metmuseum.org:443 "GET /public/collection/v1/objects/50 HTTP/1.1" 200 None
2021-12-23 09:30:33,198:DEBUG:Starting new HTTPS connection (1): collectionapi.metmuseum.org:443
2021-12-23 09:30:35,269:DEBUG:https://collectionapi.metmuseum.org:443 "GET /public/collection/v1/objects HTTP/1.1" 200 None
2021-12-23 09:30:47,044:DEBUG:Starting new HTTPS connection (1): collectionapi.metmuseum.org:443
2021-12-23 09:30:47,515:DEBUG:https://collectionapi.metmuseum.org:443 "GET /public/collection/v1/objects/1 HTTP/1.1" 200 None
2021-12-23 09:30:47,528:DEBUG:Starting new HTTPS connection (1): collectionapi.metmuseum.org:443
2021-12-23 09:30:47,975:DEBUG:https://collectionapi.metmuseum.org:443 "GET /public/collection/v1/objects/2 HTTP/1.1" 200 None
2021-12-23 09:30:47,978:DEBUG:Starting new HTTPS connection (1): collectionapi.metmuseum.org:443
2021-12-23 09:30:48,412:DEBUG:https://collectionapi.metmuseum.org:443 "GET /public/collection/v1/objects/3 HTTP/1.1" 200 None
2021-12-23 09:30:48,416:DEBUG:Starting new HTTPS connection (1): collectionapi.metmuseum.org:443
2021-12-23 09:30:48,875:DEBUG:https://collectionapi.metmuseum.org:443 "GET /public/collection/v1/objects/4 HTTP/1.1" 200 None
2021-12-23 09:30:48,881:DEBUG:Starting new HTTPS connection (1): collectionapi.metmuseum.org:443
2021-12-23 09:30:49,347:DEBUG:https://collectionapi.metmuseum.org:443 "GET /public/collection/v1/objects/5 HTTP/1.1" 200 None
2021-12-23 09:30:49,354:DEBUG:Starting new HTTPS connection (1): collectionapi.metmuseum.org:443
2021-12-23 09:30:49,783:DEBUG:https://collectionapi.metmuseum.org:443 "GET /public/collection/v1/objects/6 HTTP/1.1" 200 None
2021-12-23 09:30:49,788:DEBUG:Starting new HTTPS connection (1): collectionapi.metmuseum.org:443
2021-12-23 09:30:50,685:DEBUG:https://collectionapi.metmuseum.org:443 "GET /public/collection/v1/objects/7 HTTP/1.1" 200 None
2021-12-23 09:30:50,693:DEBUG:Starting new HTTPS connection (1): collectionapi.metmuseum.org:443
2021-12-23 09:30:51,145:DEBUG:https://collectionapi.metmuseum.org:443 "GET /public/collection/v1/objects/8 HTTP/1.1" 200 None
2021-12-23 09:30:51,151:DEBUG:Starting new HTTPS connection (1): collectionapi.metmuseum.org:443
2021-12-23 09:30:51,619:DEBUG:https://collectionapi.metmuseum.org:443 "GET /public/collection/v1/objects/9 HTTP/1.1" 200 None
2021-12-23 09:30:51,626:DEBUG:Starting new HTTPS connection (1): collectionapi.metmuseum.org:443
2021-12-23 09:30:52,072:DEBUG:https://collectionapi.metmuseum.org:443 "GET /public/collection/v1/objects/10 HTTP/1.1" 200 None
2021-12-23 09:30:52,078:DEBUG:Starting new HTTPS connection (1): collectionapi.metmuseum.org:443
2021-12-23 09:30:52,549:DEBUG:https://collectionapi.metmuseum.org:443 "GET /public/collection/v1/objects/11 HTTP/1.1" 200 None
2021-12-23 09:30:52,552:DEBUG:Starting new HTTPS connection (1): collectionapi.metmuseum.org:443
2021-12-23 09:30:52,987:DEBUG:https://collectionapi.metmuseum.org:443 "GET /public/collection/v1/objects/12 HTTP/1.1" 200 None
2021-12-23 09:30:52,992:DEBUG:Starting new HTTPS connection (1): collectionapi.metmuseum.org:443
2021-12-23 09:30:53,426:DEBUG:https://collectionapi.metmuseum.org:443 "GET /public/collection/v1/objects/13 HTTP/1.1" 200 None
2021-12-23 09:30:53,429:DEBUG:Starting new HTTPS connection (1): collectionapi.metmuseum.org:443
2021-12-23 09:30:53,867:DEBUG:https://collectionapi.metmuseum.org:443 "GET /public/collection/v1/objects/14 HTTP/1.1" 200 None
2021-12-23 09:30:53,875:DEBUG:Starting new HTTPS connection (1): collectionapi.metmuseum.org:443
2021-12-23 09:30:54,322:DEBUG:https://collectionapi.metmuseum.org:443 "GET /public/collection/v1/objects/15 HTTP/1.1" 200 None
2021-12-23 09:30:54,328:DEBUG:Starting new HTTPS connection (1): collectionapi.metmuseum.org:443
2021-12-23 09:30:54,775:DEBUG:https://collectionapi.metmuseum.org:443 "GET /public/collection/v1/objects/16 HTTP/1.1" 200 None
2021-12-23 09:30:54,780:DEBUG:Starting new HTTPS connection (1): collectionapi.metmuseum.org:443
2021-12-23 09:30:55,208:DEBUG:https://collectionapi.metmuseum.org:443 "GET /public/collection/v1/objects/17 HTTP/1.1" 200 None
2021-12-23 09:30:55,215:DEBUG:Starting new HTTPS connection (1): collectionapi.metmuseum.org:443
2021-12-23 09:30:55,737:DEBUG:https://collectionapi.metmuseum.org:443 "GET /public/collection/v1/objects/18 HTTP/1.1" 200 None
2021-12-23 09:30:55,741:DEBUG:Starting new HTTPS connection (1): collectionapi.metmuseum.org:443
2021-12-23 09:30:56,204:DEBUG:https://collectionapi.metmuseum.org:443 "GET /public/collection/v1/objects/19 HTTP/1.1" 200 None
2021-12-23 09:30:56,208:DEBUG:Starting new HTTPS connection (1): collectionapi.metmuseum.org:443
2021-12-23 09:30:56,672:DEBUG:https://collectionapi.metmuseum.org:443 "GET /public/collection/v1/objects/20 HTTP/1.1" 200 None
2021-12-23 09:30:56,681:DEBUG:Starting new HTTPS connection (1): collectionapi.metmuseum.org:443
2021-12-23 09:30:57,208:DEBUG:https://collectionapi.metmuseum.org:443 "GET /public/collection/v1/objects/21 HTTP/1.1" 200 None
2021-12-23 09:30:57,211:DEBUG:Starting new HTTPS connection (1): collectionapi.metmuseum.org:443
2021-12-23 09:30:57,646:DEBUG:https://collectionapi.metmuseum.org:443 "GET /public/collection/v1/objects/22 HTTP/1.1" 200 None
2021-12-23 09:30:57,656:DEBUG:Starting new HTTPS connection (1): collectionapi.metmuseum.org:443
2021-12-23 09:30:58,577:DEBUG:https://collectionapi.metmuseum.org:443 "GET /public/collection/v1/objects/23 HTTP/1.1" 200 None
2021-12-23 09:30:58,581:DEBUG:Starting new HTTPS connection (1): collectionapi.metmuseum.org:443
2021-12-23 09:30:59,075:DEBUG:https://collectionapi.metmuseum.org:443 "GET /public/collection/v1/objects/24 HTTP/1.1" 200 None
2021-12-23 09:30:59,084:DEBUG:Starting new HTTPS connection (1): collectionapi.metmuseum.org:443
2021-12-23 09:30:59,529:DEBUG:https://collectionapi.metmuseum.org:443 "GET /public/collection/v1/objects/25 HTTP/1.1" 200 None
2021-12-23 09:30:59,536:DEBUG:Starting new HTTPS connection (1): collectionapi.metmuseum.org:443
2021-12-23 09:30:59,981:DEBUG:https://collectionapi.metmuseum.org:443 "GET /public/collection/v1/objects/26 HTTP/1.1" 200 None
2021-12-23 09:30:59,988:DEBUG:Starting new HTTPS connection (1): collectionapi.metmuseum.org:443
2021-12-23 09:31:00,428:DEBUG:https://collectionapi.metmuseum.org:443 "GET /public/collection/v1/objects/27 HTTP/1.1" 200 None
2021-12-23 09:31:00,433:DEBUG:Starting new HTTPS connection (1): collectionapi.metmuseum.org:443
2021-12-23 09:31:00,871:DEBUG:https://collectionapi.metmuseum.org:443 "GET /public/collection/v1/objects/28 HTTP/1.1" 200 None
2021-12-23 09:31:00,877:DEBUG:Starting new HTTPS connection (1): collectionapi.metmuseum.org:443
2021-12-23 09:31:01,322:DEBUG:https://collectionapi.metmuseum.org:443 "GET /public/collection/v1/objects/29 HTTP/1.1" 200 None
2021-12-23 09:31:01,326:DEBUG:Starting new HTTPS connection (1): collectionapi.metmuseum.org:443
2021-12-23 09:31:01,765:DEBUG:https://collectionapi.metmuseum.org:443 "GET /public/collection/v1/objects/30 HTTP/1.1" 200 None
2021-12-23 09:31:01,770:DEBUG:Starting new HTTPS connection (1): collectionapi.metmuseum.org:443
2021-12-23 09:31:02,213:DEBUG:https://collectionapi.metmuseum.org:443 "GET /public/collection/v1/objects/31 HTTP/1.1" 200 None
2021-12-23 09:31:02,220:DEBUG:Starting new HTTPS connection (1): collectionapi.metmuseum.org:443
2021-12-23 09:31:02,739:DEBUG:https://collectionapi.metmuseum.org:443 "GET /public/collection/v1/objects/32 HTTP/1.1" 200 None
2021-12-23 09:31:02,746:DEBUG:Starting new HTTPS connection (1): collectionapi.metmuseum.org:443
2021-12-23 09:31:03,180:DEBUG:https://collectionapi.metmuseum.org:443 "GET /public/collection/v1/objects/33 HTTP/1.1" 200 None
2021-12-23 09:31:03,185:DEBUG:Starting new HTTPS connection (1): collectionapi.metmuseum.org:443
2021-12-23 09:31:03,629:DEBUG:https://collectionapi.metmuseum.org:443 "GET /public/collection/v1/objects/34 HTTP/1.1" 200 None
2021-12-23 09:31:03,633:DEBUG:Starting new HTTPS connection (1): collectionapi.metmuseum.org:443
2021-12-23 09:31:04,089:DEBUG:https://collectionapi.metmuseum.org:443 "GET /public/collection/v1/objects/35 HTTP/1.1" 200 None
2021-12-23 09:31:04,095:DEBUG:Starting new HTTPS connection (1): collectionapi.metmuseum.org:443
2021-12-23 09:31:04,537:DEBUG:https://collectionapi.metmuseum.org:443 "GET /public/collection/v1/objects/36 HTTP/1.1" 200 None
2021-12-23 09:31:04,543:DEBUG:Starting new HTTPS connection (1): collectionapi.metmuseum.org:443
2021-12-23 09:31:04,985:DEBUG:https://collectionapi.metmuseum.org:443 "GET /public/collection/v1/objects/37 HTTP/1.1" 200 None
2021-12-23 09:31:04,991:DEBUG:Starting new HTTPS connection (1): collectionapi.metmuseum.org:443
2021-12-23 09:31:05,468:DEBUG:https://collectionapi.metmuseum.org:443 "GET /public/collection/v1/objects/38 HTTP/1.1" 200 None
2021-12-23 09:31:05,472:DEBUG:Starting new HTTPS connection (1): collectionapi.metmuseum.org:443
2021-12-23 09:31:05,906:DEBUG:https://collectionapi.metmuseum.org:443 "GET /public/collection/v1/objects/39 HTTP/1.1" 200 None
2021-12-23 09:31:05,910:DEBUG:Starting new HTTPS connection (1): collectionapi.metmuseum.org:443
2021-12-23 09:31:06,350:DEBUG:https://collectionapi.metmuseum.org:443 "GET /public/collection/v1/objects/40 HTTP/1.1" 200 None
2021-12-23 09:31:06,355:DEBUG:Starting new HTTPS connection (1): collectionapi.metmuseum.org:443
2021-12-23 09:31:06,824:DEBUG:https://collectionapi.metmuseum.org:443 "GET /public/collection/v1/objects/41 HTTP/1.1" 200 None
2021-12-23 09:31:06,830:DEBUG:Starting new HTTPS connection (1): collectionapi.metmuseum.org:443
2021-12-23 09:31:07,265:DEBUG:https://collectionapi.metmuseum.org:443 "GET /public/collection/v1/objects/42 HTTP/1.1" 200 None
2021-12-23 09:31:07,271:DEBUG:Starting new HTTPS connection (1): collectionapi.metmuseum.org:443
2021-12-23 09:31:07,740:DEBUG:https://collectionapi.metmuseum.org:443 "GET /public/collection/v1/objects/43 HTTP/1.1" 200 None
2021-12-23 09:31:07,745:DEBUG:Starting new HTTPS connection (1): collectionapi.metmuseum.org:443
2021-12-23 09:31:08,189:DEBUG:https://collectionapi.metmuseum.org:443 "GET /public/collection/v1/objects/44 HTTP/1.1" 200 None
2021-12-23 09:31:08,197:DEBUG:Starting new HTTPS connection (1): collectionapi.metmuseum.org:443
2021-12-23 09:31:08,629:DEBUG:https://collectionapi.metmuseum.org:443 "GET /public/collection/v1/objects/45 HTTP/1.1" 200 None
2021-12-23 09:31:08,633:DEBUG:Starting new HTTPS connection (1): collectionapi.metmuseum.org:443
2021-12-23 09:31:09,090:DEBUG:https://collectionapi.metmuseum.org:443 "GET /public/collection/v1/objects/46 HTTP/1.1" 200 None
2021-12-23 09:31:09,096:DEBUG:Starting new HTTPS connection (1): collectionapi.metmuseum.org:443
2021-12-23 09:31:09,540:DEBUG:https://collectionapi.metmuseum.org:443 "GET /public/collection/v1/objects/47 HTTP/1.1" 200 None
2021-12-23 09:31:09,546:DEBUG:Starting new HTTPS connection (1): collectionapi.metmuseum.org:443
2021-12-23 09:31:10,010:DEBUG:https://collectionapi.metmuseum.org:443 "GET /public/collection/v1/objects/48 HTTP/1.1" 200 None
2021-12-23 09:31:10,016:DEBUG:Starting new HTTPS connection (1): collectionapi.metmuseum.org:443
2021-12-23 09:31:10,452:DEBUG:https://collectionapi.metmuseum.org:443 "GET /public/collection/v1/objects/49 HTTP/1.1" 200 None
2021-12-23 09:31:10,460:DEBUG:Starting new HTTPS connection (1): collectionapi.metmuseum.org:443
2021-12-23 09:31:10,897:DEBUG:https://collectionapi.metmuseum.org:443 "GET /public/collection/v1/objects/50 HTTP/1.1" 200 None
2021-12-23 09:31:12,891:ERROR:Error occured : No engine for filetype: 'excel'
2021-12-23 23:24:10,521:INFO:NumExpr defaulting to 4 threads.
2021-12-23 23:24:11,505:DEBUG:Starting new HTTPS connection (1): collectionapi.metmuseum.org:443
2021-12-23 23:24:14,196:DEBUG:https://collectionapi.metmuseum.org:443 "GET /public/collection/v1/objects HTTP/1.1" 200 None
2021-12-23 23:24:27,015:DEBUG:Starting new HTTPS connection (1): collectionapi.metmuseum.org:443
2021-12-23 23:24:27,515:DEBUG:https://collectionapi.metmuseum.org:443 "GET /public/collection/v1/objects/1 HTTP/1.1" 200 None
2021-12-23 23:24:27,543:DEBUG:Starting new HTTPS connection (1): collectionapi.metmuseum.org:443
2021-12-23 23:24:28,119:DEBUG:https://collectionapi.metmuseum.org:443 "GET /public/collection/v1/objects/2 HTTP/1.1" 200 None
2021-12-23 23:24:28,128:DEBUG:Starting new HTTPS connection (1): collectionapi.metmuseum.org:443
2021-12-23 23:24:28,631:DEBUG:https://collectionapi.metmuseum.org:443 "GET /public/collection/v1/objects/3 HTTP/1.1" 200 None
2021-12-23 23:24:28,639:DEBUG:Starting new HTTPS connection (1): collectionapi.metmuseum.org:443
2021-12-23 23:24:29,144:DEBUG:https://collectionapi.metmuseum.org:443 "GET /public/collection/v1/objects/4 HTTP/1.1" 200 None
2021-12-23 23:24:29,154:DEBUG:Starting new HTTPS connection (1): collectionapi.metmuseum.org:443
2021-12-23 23:24:30,167:DEBUG:https://collectionapi.metmuseum.org:443 "GET /public/collection/v1/objects/5 HTTP/1.1" 200 None
2021-12-23 23:24:30,176:DEBUG:Starting new HTTPS connection (1): collectionapi.metmuseum.org:443
2021-12-23 23:24:30,688:DEBUG:https://collectionapi.metmuseum.org:443 "GET /public/collection/v1/objects/6 HTTP/1.1" 200 None
2021-12-23 23:24:30,697:DEBUG:Starting new HTTPS connection (1): collectionapi.metmuseum.org:443
2021-12-23 23:24:31,290:DEBUG:https://collectionapi.metmuseum.org:443 "GET /public/collection/v1/objects/7 HTTP/1.1" 200 None
2021-12-23 23:24:31,299:DEBUG:Starting new HTTPS connection (1): collectionapi.metmuseum.org:443
2021-12-23 23:24:31,807:DEBUG:https://collectionapi.metmuseum.org:443 "GET /public/collection/v1/objects/8 HTTP/1.1" 200 None
2021-12-23 23:24:31,817:DEBUG:Starting new HTTPS connection (1): collectionapi.metmuseum.org:443
2021-12-23 23:24:32,285:DEBUG:https://collectionapi.metmuseum.org:443 "GET /public/collection/v1/objects/9 HTTP/1.1" 200 None
2021-12-23 23:24:32,293:DEBUG:Starting new HTTPS connection (1): collectionapi.metmuseum.org:443
2021-12-23 23:24:32,827:DEBUG:https://collectionapi.metmuseum.org:443 "GET /public/collection/v1/objects/10 HTTP/1.1" 200 None
2021-12-23 23:24:32,837:DEBUG:Starting new HTTPS connection (1): collectionapi.metmuseum.org:443
2021-12-23 23:24:33,383:DEBUG:https://collectionapi.metmuseum.org:443 "GET /public/collection/v1/objects/11 HTTP/1.1" 200 None
2021-12-23 23:24:33,392:DEBUG:Starting new HTTPS connection (1): collectionapi.metmuseum.org:443
2021-12-23 23:24:34,159:DEBUG:https://collectionapi.metmuseum.org:443 "GET /public/collection/v1/objects/12 HTTP/1.1" 200 None
2021-12-23 23:24:34,168:DEBUG:Starting new HTTPS connection (1): collectionapi.metmuseum.org:443
2021-12-23 23:24:34,774:DEBUG:https://collectionapi.metmuseum.org:443 "GET /public/collection/v1/objects/13 HTTP/1.1" 200 None
2021-12-23 23:24:34,783:DEBUG:Starting new HTTPS connection (1): collectionapi.metmuseum.org:443
2021-12-23 23:24:35,285:DEBUG:https://collectionapi.metmuseum.org:443 "GET /public/collection/v1/objects/14 HTTP/1.1" 200 None
2021-12-23 23:24:35,294:DEBUG:Starting new HTTPS connection (1): collectionapi.metmuseum.org:443
2021-12-23 23:24:35,909:DEBUG:https://collectionapi.metmuseum.org:443 "GET /public/collection/v1/objects/15 HTTP/1.1" 200 None
2021-12-23 23:24:35,919:DEBUG:Starting new HTTPS connection (1): collectionapi.metmuseum.org:443
2021-12-23 23:24:36,518:DEBUG:https://collectionapi.metmuseum.org:443 "GET /public/collection/v1/objects/16 HTTP/1.1" 200 None
2021-12-23 23:24:36,528:DEBUG:Starting new HTTPS connection (1): collectionapi.metmuseum.org:443
2021-12-23 23:24:37,029:DEBUG:https://collectionapi.metmuseum.org:443 "GET /public/collection/v1/objects/17 HTTP/1.1" 200 None
2021-12-23 23:24:37,037:DEBUG:Starting new HTTPS connection (1): collectionapi.metmuseum.org:443
2021-12-23 23:24:37,636:DEBUG:https://collectionapi.metmuseum.org:443 "GET /public/collection/v1/objects/18 HTTP/1.1" 200 None
2021-12-23 23:24:37,644:DEBUG:Starting new HTTPS connection (1): collectionapi.metmuseum.org:443
2021-12-23 23:24:38,154:DEBUG:https://collectionapi.metmuseum.org:443 "GET /public/collection/v1/objects/19 HTTP/1.1" 200 None
2021-12-23 23:24:38,164:DEBUG:Starting new HTTPS connection (1): collectionapi.metmuseum.org:443
2021-12-23 23:24:38,671:DEBUG:https://collectionapi.metmuseum.org:443 "GET /public/collection/v1/objects/20 HTTP/1.1" 200 None
2021-12-23 23:24:38,680:DEBUG:Starting new HTTPS connection (1): collectionapi.metmuseum.org:443
2021-12-23 23:24:39,295:DEBUG:https://collectionapi.metmuseum.org:443 "GET /public/collection/v1/objects/21 HTTP/1.1" 200 None
2021-12-23 23:24:39,305:DEBUG:Starting new HTTPS connection (1): collectionapi.metmuseum.org:443
2021-12-23 23:24:40,307:DEBUG:https://collectionapi.metmuseum.org:443 "GET /public/collection/v1/objects/22 HTTP/1.1" 200 None
2021-12-23 23:24:40,316:DEBUG:Starting new HTTPS connection (1): collectionapi.metmuseum.org:443
2021-12-23 23:24:40,917:DEBUG:https://collectionapi.metmuseum.org:443 "GET /public/collection/v1/objects/23 HTTP/1.1" 200 None
2021-12-23 23:24:40,926:DEBUG:Starting new HTTPS connection (1): collectionapi.metmuseum.org:443
2021-12-23 23:24:41,433:DEBUG:https://collectionapi.metmuseum.org:443 "GET /public/collection/v1/objects/24 HTTP/1.1" 200 None
2021-12-23 23:24:41,442:DEBUG:Starting new HTTPS connection (1): collectionapi.metmuseum.org:443
2021-12-23 23:24:42,043:DEBUG:https://collectionapi.metmuseum.org:443 "GET /public/collection/v1/objects/25 HTTP/1.1" 200 None
2021-12-23 23:24:42,052:DEBUG:Starting new HTTPS connection (1): collectionapi.metmuseum.org:443
2021-12-23 23:24:42,664:DEBUG:https://collectionapi.metmuseum.org:443 "GET /public/collection/v1/objects/26 HTTP/1.1" 200 None
2021-12-23 23:24:42,672:DEBUG:Starting new HTTPS connection (1): collectionapi.metmuseum.org:443
2021-12-23 23:24:43,175:DEBUG:https://collectionapi.metmuseum.org:443 "GET /public/collection/v1/objects/27 HTTP/1.1" 200 None
2021-12-23 23:24:43,184:DEBUG:Starting new HTTPS connection (1): collectionapi.metmuseum.org:443
2021-12-23 23:24:43,789:DEBUG:https://collectionapi.metmuseum.org:443 "GET /public/collection/v1/objects/28 HTTP/1.1" 200 None
2021-12-23 23:24:43,798:DEBUG:Starting new HTTPS connection (1): collectionapi.metmuseum.org:443
2021-12-23 23:24:44,284:DEBUG:https://collectionapi.metmuseum.org:443 "GET /public/collection/v1/objects/29 HTTP/1.1" 200 None
2021-12-23 23:24:44,293:DEBUG:Starting new HTTPS connection (1): collectionapi.metmuseum.org:443
2021-12-23 23:24:44,807:DEBUG:https://collectionapi.metmuseum.org:443 "GET /public/collection/v1/objects/30 HTTP/1.1" 200 None
2021-12-23 23:24:44,816:DEBUG:Starting new HTTPS connection (1): collectionapi.metmuseum.org:443
2021-12-23 23:24:45,424:DEBUG:https://collectionapi.metmuseum.org:443 "GET /public/collection/v1/objects/31 HTTP/1.1" 200 None
2021-12-23 23:24:45,433:DEBUG:Starting new HTTPS connection (1): collectionapi.metmuseum.org:443
2021-12-23 23:24:45,954:DEBUG:https://collectionapi.metmuseum.org:443 "GET /public/collection/v1/objects/32 HTTP/1.1" 200 None
2021-12-23 23:24:45,964:DEBUG:Starting new HTTPS connection (1): collectionapi.metmuseum.org:443
2021-12-23 23:24:46,453:DEBUG:https://collectionapi.metmuseum.org:443 "GET /public/collection/v1/objects/33 HTTP/1.1" 200 None
2021-12-23 23:24:46,462:DEBUG:Starting new HTTPS connection (1): collectionapi.metmuseum.org:443
2021-12-23 23:24:47,074:DEBUG:https://collectionapi.metmuseum.org:443 "GET /public/collection/v1/objects/34 HTTP/1.1" 200 None
2021-12-23 23:24:47,083:DEBUG:Starting new HTTPS connection (1): collectionapi.metmuseum.org:443
2021-12-23 23:24:47,680:DEBUG:https://collectionapi.metmuseum.org:443 "GET /public/collection/v1/objects/35 HTTP/1.1" 200 None
2021-12-23 23:24:47,689:DEBUG:Starting new HTTPS connection (1): collectionapi.metmuseum.org:443
2021-12-23 23:24:48,191:DEBUG:https://collectionapi.metmuseum.org:443 "GET /public/collection/v1/objects/36 HTTP/1.1" 200 None
2021-12-23 23:24:48,200:DEBUG:Starting new HTTPS connection (1): collectionapi.metmuseum.org:443
2021-12-23 23:24:49,531:DEBUG:https://collectionapi.metmuseum.org:443 "GET /public/collection/v1/objects/37 HTTP/1.1" 200 None
2021-12-23 23:24:49,540:DEBUG:Starting new HTTPS connection (1): collectionapi.metmuseum.org:443
2021-12-23 23:24:50,141:DEBUG:https://collectionapi.metmuseum.org:443 "GET /public/collection/v1/objects/38 HTTP/1.1" 200 None
2021-12-23 23:24:50,151:DEBUG:Starting new HTTPS connection (1): collectionapi.metmuseum.org:443
2021-12-23 23:24:50,856:DEBUG:https://collectionapi.metmuseum.org:443 "GET /public/collection/v1/objects/39 HTTP/1.1" 200 None
2021-12-23 23:24:50,865:DEBUG:Starting new HTTPS connection (1): collectionapi.metmuseum.org:443
2021-12-23 23:24:51,493:DEBUG:https://collectionapi.metmuseum.org:443 "GET /public/collection/v1/objects/40 HTTP/1.1" 200 None
2021-12-23 23:24:51,502:DEBUG:Starting new HTTPS connection (1): collectionapi.metmuseum.org:443
2021-12-23 23:24:52,005:DEBUG:https://collectionapi.metmuseum.org:443 "GET /public/collection/v1/objects/41 HTTP/1.1" 200 None
2021-12-23 23:24:52,014:DEBUG:Starting new HTTPS connection (1): collectionapi.metmuseum.org:443
2021-12-23 23:24:52,589:DEBUG:https://collectionapi.metmuseum.org:443 "GET /public/collection/v1/objects/42 HTTP/1.1" 200 None
2021-12-23 23:24:52,598:DEBUG:Starting new HTTPS connection (1): collectionapi.metmuseum.org:443
2021-12-23 23:24:53,130:DEBUG:https://collectionapi.metmuseum.org:443 "GET /public/collection/v1/objects/43 HTTP/1.1" 200 None
2021-12-23 23:24:53,138:DEBUG:Starting new HTTPS connection (1): collectionapi.metmuseum.org:443
2021-12-23 23:24:53,716:DEBUG:https://collectionapi.metmuseum.org:443 "GET /public/collection/v1/objects/44 HTTP/1.1" 200 None
2021-12-23 23:24:53,725:DEBUG:Starting new HTTPS connection (1): collectionapi.metmuseum.org:443
2021-12-23 23:24:54,229:DEBUG:https://collectionapi.metmuseum.org:443 "GET /public/collection/v1/objects/45 HTTP/1.1" 200 None
2021-12-23 23:24:54,238:DEBUG:Starting new HTTPS connection (1): collectionapi.metmuseum.org:443
2021-12-23 23:24:54,746:DEBUG:https://collectionapi.metmuseum.org:443 "GET /public/collection/v1/objects/46 HTTP/1.1" 200 None
2021-12-23 23:24:54,755:DEBUG:Starting new HTTPS connection (1): collectionapi.metmuseum.org:443
2021-12-23 23:24:55,255:DEBUG:https://collectionapi.metmuseum.org:443 "GET /public/collection/v1/objects/47 HTTP/1.1" 200 None
2021-12-23 23:24:55,263:DEBUG:Starting new HTTPS connection (1): collectionapi.metmuseum.org:443
2021-12-23 23:24:55,771:DEBUG:https://collectionapi.metmuseum.org:443 "GET /public/collection/v1/objects/48 HTTP/1.1" 200 None
2021-12-23 23:24:55,781:DEBUG:Starting new HTTPS connection (1): collectionapi.metmuseum.org:443
2021-12-23 23:24:56,276:DEBUG:https://collectionapi.metmuseum.org:443 "GET /public/collection/v1/objects/49 HTTP/1.1" 200 None
2021-12-23 23:24:56,288:DEBUG:Starting new HTTPS connection (1): collectionapi.metmuseum.org:443
2021-12-23 23:24:56,792:DEBUG:https://collectionapi.metmuseum.org:443 "GET /public/collection/v1/objects/50 HTTP/1.1" 200 None
2021-12-23 23:46:45,009:INFO:NumExpr defaulting to 4 threads.
2021-12-23 23:46:45,982:DEBUG:Starting new HTTPS connection (1): collectionapi.metmuseum.org:443
2021-12-23 23:46:48,540:DEBUG:https://collectionapi.metmuseum.org:443 "GET /public/collection/v1/objects HTTP/1.1" 200 None
2021-12-23 23:47:00,636:DEBUG:Starting new HTTPS connection (1): collectionapi.metmuseum.org:443
2021-12-23 23:47:01,235:DEBUG:https://collectionapi.metmuseum.org:443 "GET /public/collection/v1/objects/1 HTTP/1.1" 200 None
2021-12-23 23:47:01,247:DEBUG:Starting new HTTPS connection (1): collectionapi.metmuseum.org:443
2021-12-23 23:47:02,261:DEBUG:https://collectionapi.metmuseum.org:443 "GET /public/collection/v1/objects/2 HTTP/1.1" 200 None
2021-12-23 23:47:02,271:DEBUG:Starting new HTTPS connection (1): collectionapi.metmuseum.org:443
2021-12-23 23:47:02,817:DEBUG:https://collectionapi.metmuseum.org:443 "GET /public/collection/v1/objects/3 HTTP/1.1" 200 None
2021-12-23 23:47:02,831:DEBUG:Starting new HTTPS connection (1): collectionapi.metmuseum.org:443
2021-12-23 23:47:03,294:DEBUG:https://collectionapi.metmuseum.org:443 "GET /public/collection/v1/objects/4 HTTP/1.1" 200 None
2021-12-23 23:47:03,301:DEBUG:Starting new HTTPS connection (1): collectionapi.metmuseum.org:443
2021-12-23 23:47:03,894:DEBUG:https://collectionapi.metmuseum.org:443 "GET /public/collection/v1/objects/5 HTTP/1.1" 200 None
2021-12-23 23:47:03,915:DEBUG:Starting new HTTPS connection (1): collectionapi.metmuseum.org:443
2021-12-23 23:47:04,511:DEBUG:https://collectionapi.metmuseum.org:443 "GET /public/collection/v1/objects/6 HTTP/1.1" 200 None
2021-12-23 23:47:04,522:DEBUG:Starting new HTTPS connection (1): collectionapi.metmuseum.org:443
2021-12-23 23:47:05,649:DEBUG:https://collectionapi.metmuseum.org:443 "GET /public/collection/v1/objects/7 HTTP/1.1" 200 None
2021-12-23 23:47:05,657:DEBUG:Starting new HTTPS connection (1): collectionapi.metmuseum.org:443
2021-12-23 23:47:06,131:DEBUG:https://collectionapi.metmuseum.org:443 "GET /public/collection/v1/objects/8 HTTP/1.1" 200 None
2021-12-23 23:47:06,138:DEBUG:Starting new HTTPS connection (1): collectionapi.metmuseum.org:443
2021-12-23 23:47:06,594:DEBUG:https://collectionapi.metmuseum.org:443 "GET /public/collection/v1/objects/9 HTTP/1.1" 200 None
2021-12-23 23:47:06,599:DEBUG:Starting new HTTPS connection (1): collectionapi.metmuseum.org:443
2021-12-23 23:47:07,182:DEBUG:https://collectionapi.metmuseum.org:443 "GET /public/collection/v1/objects/10 HTTP/1.1" 200 None
2021-12-23 23:47:07,189:DEBUG:Starting new HTTPS connection (1): collectionapi.metmuseum.org:443
2021-12-23 23:47:07,785:DEBUG:https://collectionapi.metmuseum.org:443 "GET /public/collection/v1/objects/11 HTTP/1.1" 200 None
2021-12-23 23:47:07,798:DEBUG:Starting new HTTPS connection (1): collectionapi.metmuseum.org:443
2021-12-23 23:47:08,297:DEBUG:https://collectionapi.metmuseum.org:443 "GET /public/collection/v1/objects/12 HTTP/1.1" 200 None
2021-12-23 23:47:08,306:DEBUG:Starting new HTTPS connection (1): collectionapi.metmuseum.org:443
2021-12-23 23:47:08,811:DEBUG:https://collectionapi.metmuseum.org:443 "GET /public/collection/v1/objects/13 HTTP/1.1" 200 None
2021-12-23 23:47:08,814:DEBUG:Starting new HTTPS connection (1): collectionapi.metmuseum.org:443
2021-12-23 23:47:09,325:DEBUG:https://collectionapi.metmuseum.org:443 "GET /public/collection/v1/objects/14 HTTP/1.1" 200 None
2021-12-23 23:47:09,334:DEBUG:Starting new HTTPS connection (1): collectionapi.metmuseum.org:443
2021-12-23 23:47:09,937:DEBUG:https://collectionapi.metmuseum.org:443 "GET /public/collection/v1/objects/15 HTTP/1.1" 200 None
2021-12-23 23:47:09,945:DEBUG:Starting new HTTPS connection (1): collectionapi.metmuseum.org:443
2021-12-23 23:47:10,448:DEBUG:https://collectionapi.metmuseum.org:443 "GET /public/collection/v1/objects/16 HTTP/1.1" 200 None
2021-12-23 23:47:10,458:DEBUG:Starting new HTTPS connection (1): collectionapi.metmuseum.org:443
2021-12-23 23:47:10,962:DEBUG:https://collectionapi.metmuseum.org:443 "GET /public/collection/v1/objects/17 HTTP/1.1" 200 None
2021-12-23 23:47:10,971:DEBUG:Starting new HTTPS connection (1): collectionapi.metmuseum.org:443
2021-12-23 23:47:11,578:DEBUG:https://collectionapi.metmuseum.org:443 "GET /public/collection/v1/objects/18 HTTP/1.1" 200 None
2021-12-23 23:47:11,588:DEBUG:Starting new HTTPS connection (1): collectionapi.metmuseum.org:443
2021-12-23 23:47:12,620:DEBUG:https://collectionapi.metmuseum.org:443 "GET /public/collection/v1/objects/19 HTTP/1.1" 200 None
2021-12-23 23:47:12,631:DEBUG:Starting new HTTPS connection (1): collectionapi.metmuseum.org:443
2021-12-23 23:47:13,113:DEBUG:https://collectionapi.metmuseum.org:443 "GET /public/collection/v1/objects/20 HTTP/1.1" 200 None
2021-12-23 23:47:13,126:DEBUG:Starting new HTTPS connection (1): collectionapi.metmuseum.org:443
2021-12-23 23:47:13,562:DEBUG:https://collectionapi.metmuseum.org:443 "GET /public/collection/v1/objects/21 HTTP/1.1" 200 None
2021-12-23 23:47:13,572:DEBUG:Starting new HTTPS connection (1): collectionapi.metmuseum.org:443
2021-12-23 23:47:14,339:DEBUG:https://collectionapi.metmuseum.org:443 "GET /public/collection/v1/objects/22 HTTP/1.1" 200 None
2021-12-23 23:47:14,344:DEBUG:Starting new HTTPS connection (1): collectionapi.metmuseum.org:443
2021-12-23 23:47:14,850:DEBUG:https://collectionapi.metmuseum.org:443 "GET /public/collection/v1/objects/23 HTTP/1.1" 200 None
2021-12-23 23:47:14,855:DEBUG:Starting new HTTPS connection (1): collectionapi.metmuseum.org:443
2021-12-23 23:47:15,365:DEBUG:https://collectionapi.metmuseum.org:443 "GET /public/collection/v1/objects/24 HTTP/1.1" 200 None
2021-12-23 23:47:15,371:DEBUG:Starting new HTTPS connection (1): collectionapi.metmuseum.org:443
2021-12-23 23:47:15,908:DEBUG:https://collectionapi.metmuseum.org:443 "GET /public/collection/v1/objects/25 HTTP/1.1" 200 None
2021-12-23 23:47:15,916:DEBUG:Starting new HTTPS connection (1): collectionapi.metmuseum.org:443
2021-12-23 23:47:16,354:DEBUG:https://collectionapi.metmuseum.org:443 "GET /public/collection/v1/objects/26 HTTP/1.1" 200 None
2021-12-23 23:47:16,360:DEBUG:Starting new HTTPS connection (1): collectionapi.metmuseum.org:443
2021-12-23 23:47:16,822:DEBUG:https://collectionapi.metmuseum.org:443 "GET /public/collection/v1/objects/27 HTTP/1.1" 200 None
2021-12-23 23:47:16,828:DEBUG:Starting new HTTPS connection (1): collectionapi.metmuseum.org:443
2021-12-23 23:47:17,341:DEBUG:https://collectionapi.metmuseum.org:443 "GET /public/collection/v1/objects/28 HTTP/1.1" 200 None
2021-12-23 23:47:17,347:DEBUG:Starting new HTTPS connection (1): collectionapi.metmuseum.org:443
2021-12-23 23:47:17,831:DEBUG:https://collectionapi.metmuseum.org:443 "GET /public/collection/v1/objects/29 HTTP/1.1" 200 None
2021-12-23 23:47:17,840:DEBUG:Starting new HTTPS connection (1): collectionapi.metmuseum.org:443
2021-12-23 23:47:18,335:DEBUG:https://collectionapi.metmuseum.org:443 "GET /public/collection/v1/objects/30 HTTP/1.1" 200 None
2021-12-23 23:47:18,344:DEBUG:Starting new HTTPS connection (1): collectionapi.metmuseum.org:443
2021-12-23 23:47:18,850:DEBUG:https://collectionapi.metmuseum.org:443 "GET /public/collection/v1/objects/31 HTTP/1.1" 200 None
2021-12-23 23:47:18,859:DEBUG:Starting new HTTPS connection (1): collectionapi.metmuseum.org:443
2021-12-23 23:47:19,356:DEBUG:https://collectionapi.metmuseum.org:443 "GET /public/collection/v1/objects/32 HTTP/1.1" 200 None
2021-12-23 23:47:19,365:DEBUG:Starting new HTTPS connection (1): collectionapi.metmuseum.org:443
2021-12-23 23:47:19,857:DEBUG:https://collectionapi.metmuseum.org:443 "GET /public/collection/v1/objects/33 HTTP/1.1" 200 None
2021-12-23 23:47:19,866:DEBUG:Starting new HTTPS connection (1): collectionapi.metmuseum.org:443
2021-12-23 23:47:20,381:DEBUG:https://collectionapi.metmuseum.org:443 "GET /public/collection/v1/objects/34 HTTP/1.1" 200 None
2021-12-23 23:47:20,385:DEBUG:Starting new HTTPS connection (1): collectionapi.metmuseum.org:443
2021-12-23 23:47:20,886:DEBUG:https://collectionapi.metmuseum.org:443 "GET /public/collection/v1/objects/35 HTTP/1.1" 200 None
2021-12-23 23:47:20,895:DEBUG:Starting new HTTPS connection (1): collectionapi.metmuseum.org:443
2021-12-23 23:47:21,403:DEBUG:https://collectionapi.metmuseum.org:443 "GET /public/collection/v1/objects/36 HTTP/1.1" 200 None
2021-12-23 23:47:21,412:DEBUG:Starting new HTTPS connection (1): collectionapi.metmuseum.org:443
2021-12-23 23:47:21,931:DEBUG:https://collectionapi.metmuseum.org:443 "GET /public/collection/v1/objects/37 HTTP/1.1" 200 None
2021-12-23 23:47:21,940:DEBUG:Starting new HTTPS connection (1): collectionapi.metmuseum.org:443
2021-12-23 23:47:22,434:DEBUG:https://collectionapi.metmuseum.org:443 "GET /public/collection/v1/objects/38 HTTP/1.1" 200 None
2021-12-23 23:47:22,443:DEBUG:Starting new HTTPS connection (1): collectionapi.metmuseum.org:443
2021-12-23 23:47:22,932:DEBUG:https://collectionapi.metmuseum.org:443 "GET /public/collection/v1/objects/39 HTTP/1.1" 200 None
2021-12-23 23:47:22,946:DEBUG:Starting new HTTPS connection (1): collectionapi.metmuseum.org:443
2021-12-23 23:47:23,394:DEBUG:https://collectionapi.metmuseum.org:443 "GET /public/collection/v1/objects/40 HTTP/1.1" 200 None
2021-12-23 23:47:23,401:DEBUG:Starting new HTTPS connection (1): collectionapi.metmuseum.org:443
2021-12-23 23:47:23,964:DEBUG:https://collectionapi.metmuseum.org:443 "GET /public/collection/v1/objects/41 HTTP/1.1" 200 None
2021-12-23 23:47:23,970:DEBUG:Starting new HTTPS connection (1): collectionapi.metmuseum.org:443
2021-12-23 23:47:24,508:DEBUG:https://collectionapi.metmuseum.org:443 "GET /public/collection/v1/objects/42 HTTP/1.1" 200 None
2021-12-23 23:47:24,512:DEBUG:Starting new HTTPS connection (1): collectionapi.metmuseum.org:443
2021-12-23 23:47:24,993:DEBUG:https://collectionapi.metmuseum.org:443 "GET /public/collection/v1/objects/43 HTTP/1.1" 200 None
2021-12-23 23:47:24,999:DEBUG:Starting new HTTPS connection (1): collectionapi.metmuseum.org:443
2021-12-23 23:47:25,491:DEBUG:https://collectionapi.metmuseum.org:443 "GET /public/collection/v1/objects/44 HTTP/1.1" 200 None
2021-12-23 23:47:25,497:DEBUG:Starting new HTTPS connection (1): collectionapi.metmuseum.org:443
2021-12-23 23:47:25,953:DEBUG:https://collectionapi.metmuseum.org:443 "GET /public/collection/v1/objects/45 HTTP/1.1" 200 None
2021-12-23 23:47:25,959:DEBUG:Starting new HTTPS connection (1): collectionapi.metmuseum.org:443
2021-12-23 23:47:26,410:DEBUG:https://collectionapi.metmuseum.org:443 "GET /public/collection/v1/objects/46 HTTP/1.1" 200 None
2021-12-23 23:47:26,418:DEBUG:Starting new HTTPS connection (1): collectionapi.metmuseum.org:443
2021-12-23 23:47:26,875:DEBUG:https://collectionapi.metmuseum.org:443 "GET /public/collection/v1/objects/47 HTTP/1.1" 200 None
2021-12-23 23:47:26,884:DEBUG:Starting new HTTPS connection (1): collectionapi.metmuseum.org:443
2021-12-23 23:47:27,395:DEBUG:https://collectionapi.metmuseum.org:443 "GET /public/collection/v1/objects/48 HTTP/1.1" 200 None
2021-12-23 23:47:27,402:DEBUG:Starting new HTTPS connection (1): collectionapi.metmuseum.org:443
2021-12-23 23:47:28,009:DEBUG:https://collectionapi.metmuseum.org:443 "GET /public/collection/v1/objects/49 HTTP/1.1" 200 None
2021-12-23 23:47:28,017:DEBUG:Starting new HTTPS connection (1): collectionapi.metmuseum.org:443
2021-12-23 23:47:28,573:DEBUG:https://collectionapi.metmuseum.org:443 "GET /public/collection/v1/objects/50 HTTP/1.1" 200 None
2021-12-24 15:08:06,128:INFO:NumExpr defaulting to 4 threads.
2021-12-24 15:08:07,017:DEBUG:Starting new HTTPS connection (1): collectionapi.metmuseum.org:443
2021-12-24 15:08:08,413:DEBUG:https://collectionapi.metmuseum.org:443 "GET /public/collection/v1/objects HTTP/1.1" 200 None
2021-12-24 15:08:20,889:DEBUG:Starting new HTTPS connection (1): collectionapi.metmuseum.org:443
2021-12-24 15:08:21,811:DEBUG:https://collectionapi.metmuseum.org:443 "GET /public/collection/v1/objects/1 HTTP/1.1" 200 None
2021-12-24 15:08:21,822:DEBUG:Starting new HTTPS connection (1): collectionapi.metmuseum.org:443
2021-12-24 15:08:22,341:DEBUG:https://collectionapi.metmuseum.org:443 "GET /public/collection/v1/objects/2 HTTP/1.1" 200 None
2021-12-24 15:08:22,350:DEBUG:Starting new HTTPS connection (1): collectionapi.metmuseum.org:443
2021-12-24 15:08:22,849:DEBUG:https://collectionapi.metmuseum.org:443 "GET /public/collection/v1/objects/3 HTTP/1.1" 200 None
2021-12-24 15:08:22,858:DEBUG:Starting new HTTPS connection (1): collectionapi.metmuseum.org:443
2021-12-24 15:08:23,433:DEBUG:https://collectionapi.metmuseum.org:443 "GET /public/collection/v1/objects/4 HTTP/1.1" 200 None
2021-12-24 15:08:23,440:DEBUG:Starting new HTTPS connection (1): collectionapi.metmuseum.org:443
2021-12-24 15:08:23,892:DEBUG:https://collectionapi.metmuseum.org:443 "GET /public/collection/v1/objects/5 HTTP/1.1" 200 None
2021-12-24 15:08:23,899:DEBUG:Starting new HTTPS connection (1): collectionapi.metmuseum.org:443
2021-12-24 15:08:24,385:DEBUG:https://collectionapi.metmuseum.org:443 "GET /public/collection/v1/objects/6 HTTP/1.1" 200 None
2021-12-24 15:08:24,393:DEBUG:Starting new HTTPS connection (1): collectionapi.metmuseum.org:443
2021-12-24 15:08:24,891:DEBUG:https://collectionapi.metmuseum.org:443 "GET /public/collection/v1/objects/7 HTTP/1.1" 200 None
2021-12-24 15:08:24,899:DEBUG:Starting new HTTPS connection (1): collectionapi.metmuseum.org:443
2021-12-24 15:08:25,351:DEBUG:https://collectionapi.metmuseum.org:443 "GET /public/collection/v1/objects/8 HTTP/1.1" 200 None
2021-12-24 15:08:25,357:DEBUG:Starting new HTTPS connection (1): collectionapi.metmuseum.org:443
2021-12-24 15:08:25,807:DEBUG:https://collectionapi.metmuseum.org:443 "GET /public/collection/v1/objects/9 HTTP/1.1" 200 None
2021-12-24 15:08:25,814:DEBUG:Starting new HTTPS connection (1): collectionapi.metmuseum.org:443
2021-12-24 15:08:26,345:DEBUG:https://collectionapi.metmuseum.org:443 "GET /public/collection/v1/objects/10 HTTP/1.1" 200 None
2021-12-24 15:08:26,352:DEBUG:Starting new HTTPS connection (1): collectionapi.metmuseum.org:443
2021-12-24 15:08:27,278:DEBUG:https://collectionapi.metmuseum.org:443 "GET /public/collection/v1/objects/11 HTTP/1.1" 200 None
2021-12-24 15:08:27,285:DEBUG:Starting new HTTPS connection (1): collectionapi.metmuseum.org:443
2021-12-24 15:08:27,766:DEBUG:https://collectionapi.metmuseum.org:443 "GET /public/collection/v1/objects/12 HTTP/1.1" 200 None
2021-12-24 15:08:27,775:DEBUG:Starting new HTTPS connection (1): collectionapi.metmuseum.org:443
2021-12-24 15:08:28,357:DEBUG:https://collectionapi.metmuseum.org:443 "GET /public/collection/v1/objects/13 HTTP/1.1" 200 None
2021-12-24 15:08:28,380:DEBUG:Starting new HTTPS connection (1): collectionapi.metmuseum.org:443
2021-12-24 15:08:28,889:DEBUG:https://collectionapi.metmuseum.org:443 "GET /public/collection/v1/objects/14 HTTP/1.1" 200 None
2021-12-24 15:08:28,897:DEBUG:Starting new HTTPS connection (1): collectionapi.metmuseum.org:443
2021-12-24 15:08:29,369:DEBUG:https://collectionapi.metmuseum.org:443 "GET /public/collection/v1/objects/15 HTTP/1.1" 200 None
2021-12-24 15:08:29,379:DEBUG:Starting new HTTPS connection (1): collectionapi.metmuseum.org:443
2021-12-24 15:08:30,014:DEBUG:https://collectionapi.metmuseum.org:443 "GET /public/collection/v1/objects/16 HTTP/1.1" 200 None
2021-12-24 15:08:30,020:DEBUG:Starting new HTTPS connection (1): collectionapi.metmuseum.org:443
2021-12-24 15:08:30,543:DEBUG:https://collectionapi.metmuseum.org:443 "GET /public/collection/v1/objects/17 HTTP/1.1" 200 None
2021-12-24 15:08:30,547:DEBUG:Starting new HTTPS connection (1): collectionapi.metmuseum.org:443
2021-12-24 15:08:31,041:DEBUG:https://collectionapi.metmuseum.org:443 "GET /public/collection/v1/objects/18 HTTP/1.1" 200 None
2021-12-24 15:08:31,055:DEBUG:Starting new HTTPS connection (1): collectionapi.metmuseum.org:443
2021-12-24 15:08:31,657:DEBUG:https://collectionapi.metmuseum.org:443 "GET /public/collection/v1/objects/19 HTTP/1.1" 200 None
2021-12-24 15:08:31,668:DEBUG:Starting new HTTPS connection (1): collectionapi.metmuseum.org:443
2021-12-24 15:08:32,165:DEBUG:https://collectionapi.metmuseum.org:443 "GET /public/collection/v1/objects/20 HTTP/1.1" 200 None
2021-12-24 15:08:32,182:DEBUG:Starting new HTTPS connection (1): collectionapi.metmuseum.org:443
2021-12-24 15:08:32,797:DEBUG:https://collectionapi.metmuseum.org:443 "GET /public/collection/v1/objects/21 HTTP/1.1" 200 None
2021-12-24 15:08:32,806:DEBUG:Starting new HTTPS connection (1): collectionapi.metmuseum.org:443
2021-12-24 15:08:33,404:DEBUG:https://collectionapi.metmuseum.org:443 "GET /public/collection/v1/objects/22 HTTP/1.1" 200 None
2021-12-24 15:08:33,411:DEBUG:Starting new HTTPS connection (1): collectionapi.metmuseum.org:443
2021-12-24 15:08:34,118:DEBUG:https://collectionapi.metmuseum.org:443 "GET /public/collection/v1/objects/23 HTTP/1.1" 200 None
2021-12-24 15:08:34,127:DEBUG:Starting new HTTPS connection (1): collectionapi.metmuseum.org:443
2021-12-24 15:08:34,627:DEBUG:https://collectionapi.metmuseum.org:443 "GET /public/collection/v1/objects/24 HTTP/1.1" 200 None
2021-12-24 15:08:34,635:DEBUG:Starting new HTTPS connection (1): collectionapi.metmuseum.org:443
2021-12-24 15:08:35,263:DEBUG:https://collectionapi.metmuseum.org:443 "GET /public/collection/v1/objects/25 HTTP/1.1" 200 None
2021-12-24 15:08:35,271:DEBUG:Starting new HTTPS connection (1): collectionapi.metmuseum.org:443
2021-12-24 15:08:35,723:DEBUG:https://collectionapi.metmuseum.org:443 "GET /public/collection/v1/objects/26 HTTP/1.1" 200 None
2021-12-24 15:08:35,729:DEBUG:Starting new HTTPS connection (1): collectionapi.metmuseum.org:443
2021-12-24 15:08:36,214:DEBUG:https://collectionapi.metmuseum.org:443 "GET /public/collection/v1/objects/27 HTTP/1.1" 200 None
2021-12-24 15:08:36,227:DEBUG:Starting new HTTPS connection (1): collectionapi.metmuseum.org:443
2021-12-24 15:08:36,775:DEBUG:https://collectionapi.metmuseum.org:443 "GET /public/collection/v1/objects/28 HTTP/1.1" 200 None
2021-12-24 15:08:36,784:DEBUG:Starting new HTTPS connection (1): collectionapi.metmuseum.org:443
2021-12-24 15:08:37,492:DEBUG:https://collectionapi.metmuseum.org:443 "GET /public/collection/v1/objects/29 HTTP/1.1" 200 None
2021-12-24 15:08:37,532:DEBUG:Starting new HTTPS connection (1): collectionapi.metmuseum.org:443
2021-12-24 15:08:38,312:DEBUG:https://collectionapi.metmuseum.org:443 "GET /public/collection/v1/objects/30 HTTP/1.1" 200 None
2021-12-24 15:08:38,322:DEBUG:Starting new HTTPS connection (1): collectionapi.metmuseum.org:443
2021-12-24 15:08:38,825:DEBUG:https://collectionapi.metmuseum.org:443 "GET /public/collection/v1/objects/31 HTTP/1.1" 200 None
2021-12-24 15:08:38,835:DEBUG:Starting new HTTPS connection (1): collectionapi.metmuseum.org:443
2021-12-24 15:08:39,322:DEBUG:https://collectionapi.metmuseum.org:443 "GET /public/collection/v1/objects/32 HTTP/1.1" 200 None
2021-12-24 15:08:39,332:DEBUG:Starting new HTTPS connection (1): collectionapi.metmuseum.org:443
2021-12-24 15:08:39,966:DEBUG:https://collectionapi.metmuseum.org:443 "GET /public/collection/v1/objects/33 HTTP/1.1" 200 None
2021-12-24 15:08:39,975:DEBUG:Starting new HTTPS connection (1): collectionapi.metmuseum.org:443
2021-12-24 15:08:40,464:DEBUG:https://collectionapi.metmuseum.org:443 "GET /public/collection/v1/objects/34 HTTP/1.1" 200 None
2021-12-24 15:08:40,475:DEBUG:Starting new HTTPS connection (1): collectionapi.metmuseum.org:443
2021-12-24 15:08:41,077:DEBUG:https://collectionapi.metmuseum.org:443 "GET /public/collection/v1/objects/35 HTTP/1.1" 200 None
2021-12-24 15:08:41,086:DEBUG:Starting new HTTPS connection (1): collectionapi.metmuseum.org:443
2021-12-24 15:08:41,587:DEBUG:https://collectionapi.metmuseum.org:443 "GET /public/collection/v1/objects/36 HTTP/1.1" 200 None
2021-12-24 15:08:41,597:DEBUG:Starting new HTTPS connection (1): collectionapi.metmuseum.org:443
2021-12-24 15:08:42,099:DEBUG:https://collectionapi.metmuseum.org:443 "GET /public/collection/v1/objects/37 HTTP/1.1" 200 None
2021-12-24 15:08:42,109:DEBUG:Starting new HTTPS connection (1): collectionapi.metmuseum.org:443
2021-12-24 15:08:42,611:DEBUG:https://collectionapi.metmuseum.org:443 "GET /public/collection/v1/objects/38 HTTP/1.1" 200 None
2021-12-24 15:08:42,620:DEBUG:Starting new HTTPS connection (1): collectionapi.metmuseum.org:443
2021-12-24 15:08:43,242:DEBUG:https://collectionapi.metmuseum.org:443 "GET /public/collection/v1/objects/39 HTTP/1.1" 200 None
2021-12-24 15:08:43,251:DEBUG:Starting new HTTPS connection (1): collectionapi.metmuseum.org:443
2021-12-24 15:08:43,842:DEBUG:https://collectionapi.metmuseum.org:443 "GET /public/collection/v1/objects/40 HTTP/1.1" 200 None
2021-12-24 15:08:43,850:DEBUG:Starting new HTTPS connection (1): collectionapi.metmuseum.org:443
2021-12-24 15:08:44,303:DEBUG:https://collectionapi.metmuseum.org:443 "GET /public/collection/v1/objects/41 HTTP/1.1" 200 None
2021-12-24 15:08:44,309:DEBUG:Starting new HTTPS connection (1): collectionapi.metmuseum.org:443
2021-12-24 15:08:44,869:DEBUG:https://collectionapi.metmuseum.org:443 "GET /public/collection/v1/objects/42 HTTP/1.1" 200 None
2021-12-24 15:08:44,878:DEBUG:Starting new HTTPS connection (1): collectionapi.metmuseum.org:443
2021-12-24 15:08:45,382:DEBUG:https://collectionapi.metmuseum.org:443 "GET /public/collection/v1/objects/43 HTTP/1.1" 200 None
2021-12-24 15:08:45,390:DEBUG:Starting new HTTPS connection (1): collectionapi.metmuseum.org:443
2021-12-24 15:08:45,897:DEBUG:https://collectionapi.metmuseum.org:443 "GET /public/collection/v1/objects/44 HTTP/1.1" 200 None
2021-12-24 15:08:45,904:DEBUG:Starting new HTTPS connection (1): collectionapi.metmuseum.org:443
2021-12-24 15:08:46,404:DEBUG:https://collectionapi.metmuseum.org:443 "GET /public/collection/v1/objects/45 HTTP/1.1" 200 None
2021-12-24 15:08:46,409:DEBUG:Starting new HTTPS connection (1): collectionapi.metmuseum.org:443
2021-12-24 15:08:46,853:DEBUG:https://collectionapi.metmuseum.org:443 "GET /public/collection/v1/objects/46 HTTP/1.1" 200 None
2021-12-24 15:08:46,862:DEBUG:Starting new HTTPS connection (1): collectionapi.metmuseum.org:443
2021-12-24 15:08:47,304:DEBUG:https://collectionapi.metmuseum.org:443 "GET /public/collection/v1/objects/47 HTTP/1.1" 200 None
2021-12-24 15:08:47,312:DEBUG:Starting new HTTPS connection (1): collectionapi.metmuseum.org:443
2021-12-24 15:08:47,770:DEBUG:https://collectionapi.metmuseum.org:443 "GET /public/collection/v1/objects/48 HTTP/1.1" 200 None
2021-12-24 15:08:47,779:DEBUG:Starting new HTTPS connection (1): collectionapi.metmuseum.org:443
2021-12-24 15:08:48,272:DEBUG:https://collectionapi.metmuseum.org:443 "GET /public/collection/v1/objects/49 HTTP/1.1" 200 None
2021-12-24 15:08:48,400:DEBUG:Starting new HTTPS connection (1): collectionapi.metmuseum.org:443
2021-12-24 15:08:48,923:DEBUG:https://collectionapi.metmuseum.org:443 "GET /public/collection/v1/objects/50 HTTP/1.1" 200 None
